<?xml version="1.0" encoding="UTF-8"?>
<!-- Generated by org.testng.reporters.JUnitReportReporter -->
<testsuite skipped="6" hostname="asda1713po02529" name="TestProject.snlService_passArguments.PlayerTest" tests="7" failures="0" timestamp="19 Jul 2017 13:09:31 GMT" time="0.162" errors="1">
  <testcase name="createboard" time="0.162" classname="TestProject.snlService_passArguments.PlayerTest">
    <error type="java.io.IOException" message="Server returned HTTP response code: 401 for URL: http://10.0.1.86/snl/rest/v3/board/new.json">
      <![CDATA[java.io.IOException: Server returned HTTP response code: 401 for URL: http://10.0.1.86/snl/rest/v3/board/new.json
	at sun.reflect.NativeConstructorAccessorImpl.newInstance0(Native Method)
	at sun.reflect.NativeConstructorAccessorImpl.newInstance(NativeConstructorAccessorImpl.java:62)
	at sun.reflect.DelegatingConstructorAccessorImpl.newInstance(DelegatingConstructorAccessorImpl.java:45)
	at java.lang.reflect.Constructor.newInstance(Constructor.java:423)
	at sun.net.www.protocol.http.HttpURLConnection$10.run(HttpURLConnection.java:1926)
	at sun.net.www.protocol.http.HttpURLConnection$10.run(HttpURLConnection.java:1921)
	at java.security.AccessController.doPrivileged(Native Method)
	at sun.net.www.protocol.http.HttpURLConnection.getChainedException(HttpURLConnection.java:1920)
	at sun.net.www.protocol.http.HttpURLConnection.getInputStream0(HttpURLConnection.java:1490)
	at sun.net.www.protocol.http.HttpURLConnection.getInputStream(HttpURLConnection.java:1474)
	at TestProject.snlService_passArguments.requests.sendGet(requests.java:108)
	at TestProject.snlService_passArguments.PlayerTest.createboard(PlayerTest.java:47)
	at sun.reflect.NativeMethodAccessorImpl.invoke0(Native Method)
	at sun.reflect.NativeMethodAccessorImpl.invoke(NativeMethodAccessorImpl.java:62)
	at sun.reflect.DelegatingMethodAccessorImpl.invoke(DelegatingMethodAccessorImpl.java:43)
	at java.lang.reflect.Method.invoke(Method.java:498)
	at org.testng.internal.MethodInvocationHelper.invokeMethod(MethodInvocationHelper.java:108)
	at org.testng.internal.Invoker.invokeConfigurationMethod(Invoker.java:523)
	at org.testng.internal.Invoker.invokeConfigurations(Invoker.java:224)
	at org.testng.internal.Invoker.invokeConfigurations(Invoker.java:146)
	at org.testng.TestRunner.beforeRun(TestRunner.java:626)
	at org.testng.TestRunner.run(TestRunner.java:594)
	at org.testng.SuiteRunner.runTest(SuiteRunner.java:380)
	at org.testng.SuiteRunner.runSequentially(SuiteRunner.java:375)
	at org.testng.SuiteRunner.privateRun(SuiteRunner.java:340)
	at org.testng.SuiteRunner.run(SuiteRunner.java:289)
	at org.testng.SuiteRunnerWorker.runSuite(SuiteRunnerWorker.java:52)
	at org.testng.SuiteRunnerWorker.run(SuiteRunnerWorker.java:86)
	at org.testng.TestNG.runSuitesSequentially(TestNG.java:1301)
	at org.testng.TestNG.runSuitesLocally(TestNG.java:1226)
	at org.testng.TestNG.runSuites(TestNG.java:1144)
	at org.testng.TestNG.run(TestNG.java:1115)
	at org.testng.remote.AbstractRemoteTestNG.run(AbstractRemoteTestNG.java:132)
	at org.testng.remote.RemoteTestNG.initAndRun(RemoteTestNG.java:230)
	at org.testng.remote.RemoteTestNG.main(RemoteTestNG.java:76)
Caused by: java.io.IOException: Server returned HTTP response code: 401 for URL: http://10.0.1.86/snl/rest/v3/board/new.json
	at sun.net.www.protocol.http.HttpURLConnection.getInputStream0(HttpURLConnection.java:1876)
	at sun.net.www.protocol.http.HttpURLConnection.getInputStream(HttpURLConnection.java:1474)
	at java.net.HttpURLConnection.getResponseCode(HttpURLConnection.java:480)
	at TestProject.snlService_passArguments.requests.sendGet(requests.java:102)
	... 24 more
]]>
    </error>
  </testcase> <!-- createboard -->
  <testcase name="registerplayer" time="0.000" classname="TestProject.snlService_passArguments.PlayerTest">
    <skipped/>
  </testcase> <!-- registerplayer -->
  <testcase name="getplayerdetails" time="0.000" classname="TestProject.snlService_passArguments.PlayerTest">
    <skipped/>
  </testcase> <!-- getplayerdetails -->
  <testcase name="updateplayerdetailtest" time="0.000" classname="TestProject.snlService_passArguments.PlayerTest">
    <skipped/>
  </testcase> <!-- updateplayerdetailtest -->
  <testcase name="moveplayertest" time="0.000" classname="TestProject.snlService_passArguments.PlayerTest">
    <skipped/>
  </testcase> <!-- moveplayertest -->
  <testcase name="deleteplayertest" time="0.000" classname="TestProject.snlService_passArguments.PlayerTest">
    <skipped/>
  </testcase> <!-- deleteplayertest -->
  <testcase name="alreadydeletedplayer_deletetest" time="0.000" classname="TestProject.snlService_passArguments.PlayerTest">
    <skipped/>
  </testcase> <!-- alreadydeletedplayer_deletetest -->
</testsuite> <!-- TestProject.snlService_passArguments.PlayerTest -->
