<?xml version="1.0" encoding="UTF-8"?>
<!-- Generated by org.testng.reporters.JUnitReportReporter -->
<testsuite skipped="6" hostname="asda1713po02529" name="TestProject.snlService_passArguments.BoardTest" tests="6" failures="0" timestamp="19 Jul 2017 13:09:31 GMT" time="0.000" errors="0">
  <testcase name="createboardtest" time="0.000" classname="TestProject.snlService_passArguments.BoardTest">
    <skipped/>
  </testcase> <!-- createboardtest -->
  <testcase name="getlistofboardtest" time="0.000" classname="TestProject.snlService_passArguments.BoardTest">
    <skipped/>
  </testcase> <!-- getlistofboardtest -->
  <testcase name="getddetailofboard" time="0.000" classname="TestProject.snlService_passArguments.BoardTest">
    <skipped/>
  </testcase> <!-- getddetailofboard -->
  <testcase name="resetboardtest" time="0.000" classname="TestProject.snlService_passArguments.BoardTest">
    <skipped/>
  </testcase> <!-- resetboardtest -->
  <testcase name="deleteboardtest" time="0.000" classname="TestProject.snlService_passArguments.BoardTest">
    <skipped/>
  </testcase> <!-- deleteboardtest -->
  <testcase name="alreadydeletedboard_deletetest" time="0.000" classname="TestProject.snlService_passArguments.BoardTest">
    <skipped/>
  </testcase> <!-- alreadydeletedboard_deletetest -->
</testsuite> <!-- TestProject.snlService_passArguments.BoardTest -->
